2016-10-31 00:42:24.869  INFO 24118 --- [main] com.lzy.api.SampleController             : Starting SampleController on jacklee-B85-HD3-A with PID 24118 (/home/jacklee/workspace2/sys-parent/sys-web/target/classes started by jacklee in /home/jacklee/workspace2/sys-parent/sys-web)
2016-10-31 00:42:24.875  INFO 24118 --- [main] com.lzy.api.SampleController             : No active profile set, falling back to default profiles: default
2016-10-31 00:42:24.920  INFO 24118 --- [main] ationConfigEmbeddedWebApplicationContext : Refreshing org.springframework.boot.context.embedded.AnnotationConfigEmbeddedWebApplicationContext@30d7a018: startup date [Mon Oct 31 00:42:24 CST 2016]; root of context hierarchy
2016-10-31 00:42:25.955  INFO 24118 --- [main] trationDelegate$BeanPostProcessorChecker : Bean 'org.springframework.transaction.annotation.ProxyTransactionManagementConfiguration' of type [class org.springframework.transaction.annotation.ProxyTransactionManagementConfiguration$$EnhancerBySpringCGLIB$$e4b67bd3] is not eligible for getting processed by all BeanPostProcessors (for example: not eligible for auto-proxying)
2016-10-31 00:42:26.349  INFO 24118 --- [main] s.b.c.e.t.TomcatEmbeddedServletContainer : Tomcat initialized with port(s): 8080 (http)
2016-10-31 00:42:26.360  INFO 24118 --- [main] o.apache.catalina.core.StandardService   : Starting service Tomcat
2016-10-31 00:42:26.361  INFO 24118 --- [main] org.apache.catalina.core.StandardEngine  : Starting Servlet Engine: Apache Tomcat/8.5.5
2016-10-31 00:42:26.417  INFO 24118 --- [localhost-startStop-1] o.a.c.c.C.[Tomcat].[localhost].[/]       : Initializing Spring embedded WebApplicationContext
2016-10-31 00:42:26.417  INFO 24118 --- [localhost-startStop-1] o.s.web.context.ContextLoader            : Root WebApplicationContext: initialization completed in 1499 ms
2016-10-31 00:42:26.531  INFO 24118 --- [localhost-startStop-1] o.s.b.w.servlet.ServletRegistrationBean  : Mapping servlet: 'dispatcherServlet' to [/]
2016-10-31 00:42:26.534  INFO 24118 --- [localhost-startStop-1] o.s.b.w.servlet.FilterRegistrationBean   : Mapping filter: 'characterEncodingFilter' to: [/*]
2016-10-31 00:42:26.535  INFO 24118 --- [localhost-startStop-1] o.s.b.w.servlet.FilterRegistrationBean   : Mapping filter: 'hiddenHttpMethodFilter' to: [/*]
2016-10-31 00:42:26.535  INFO 24118 --- [localhost-startStop-1] o.s.b.w.servlet.FilterRegistrationBean   : Mapping filter: 'httpPutFormContentFilter' to: [/*]
2016-10-31 00:42:26.535  INFO 24118 --- [localhost-startStop-1] o.s.b.w.servlet.FilterRegistrationBean   : Mapping filter: 'requestContextFilter' to: [/*]
2016-10-31 00:42:26.725  INFO 24118 --- [main] j.LocalContainerEntityManagerFactoryBean : Building JPA container EntityManagerFactory for persistence unit 'default'
2016-10-31 00:42:26.742  INFO 24118 --- [main] o.hibernate.jpa.internal.util.LogHelper  : HHH000204: Processing PersistenceUnitInfo [
	name: default
	...]
2016-10-31 00:42:26.805  INFO 24118 --- [main] org.hibernate.Version                    : HHH000412: Hibernate Core {5.0.11.Final}
2016-10-31 00:42:26.806  INFO 24118 --- [main] org.hibernate.cfg.Environment            : HHH000206: hibernate.properties not found
2016-10-31 00:42:26.808  INFO 24118 --- [main] org.hibernate.cfg.Environment            : HHH000021: Bytecode provider name : javassist
2016-10-31 00:42:26.847  INFO 24118 --- [main] o.hibernate.annotations.common.Version   : HCANN000001: Hibernate Commons Annotations {5.0.1.Final}
2016-10-31 00:42:27.224  INFO 24118 --- [main] org.hibernate.dialect.Dialect            : HHH000400: Using dialect: org.hibernate.dialect.MySQL5Dialect
2016-10-31 00:42:27.424  INFO 24118 --- [main] org.hibernate.tool.hbm2ddl.SchemaExport  : HHH000227: Running hbm2ddl schema export
2016-10-31 00:42:27.426  INFO 24118 --- [main] org.hibernate.tool.hbm2ddl.SchemaExport  : HHH000230: Schema export complete
2016-10-31 00:42:27.457  INFO 24118 --- [main] j.LocalContainerEntityManagerFactoryBean : Initialized JPA EntityManagerFactory for persistence unit 'default'
2016-10-31 00:42:27.725  INFO 24118 --- [main] s.w.s.m.m.a.RequestMappingHandlerAdapter : Looking for @ControllerAdvice: org.springframework.boot.context.embedded.AnnotationConfigEmbeddedWebApplicationContext@30d7a018: startup date [Mon Oct 31 00:42:24 CST 2016]; root of context hierarchy
2016-10-31 00:42:27.830  INFO 24118 --- [main] s.w.s.m.m.a.RequestMappingHandlerMapping : Mapped "{[/]}" onto java.lang.String com.lzy.api.SampleController.home()
2016-10-31 00:42:27.835  INFO 24118 --- [main] s.w.s.m.m.a.RequestMappingHandlerMapping : Mapped "{[/error],produces=[text/html]}" onto public org.springframework.web.servlet.ModelAndView org.springframework.boot.autoconfigure.web.BasicErrorController.errorHtml(javax.servlet.http.HttpServletRequest,javax.servlet.http.HttpServletResponse)
2016-10-31 00:42:27.836  INFO 24118 --- [main] s.w.s.m.m.a.RequestMappingHandlerMapping : Mapped "{[/error]}" onto public org.springframework.http.ResponseEntity<java.util.Map<java.lang.String, java.lang.Object>> org.springframework.boot.autoconfigure.web.BasicErrorController.error(javax.servlet.http.HttpServletRequest)
2016-10-31 00:42:27.864  INFO 24118 --- [main] o.s.w.s.handler.SimpleUrlHandlerMapping  : Mapped URL path [/webjars/**] onto handler of type [class org.springframework.web.servlet.resource.ResourceHttpRequestHandler]
2016-10-31 00:42:27.864  INFO 24118 --- [main] o.s.w.s.handler.SimpleUrlHandlerMapping  : Mapped URL path [/**] onto handler of type [class org.springframework.web.servlet.resource.ResourceHttpRequestHandler]
2016-10-31 00:42:27.899  INFO 24118 --- [main] o.s.w.s.handler.SimpleUrlHandlerMapping  : Mapped URL path [/**/favicon.ico] onto handler of type [class org.springframework.web.servlet.resource.ResourceHttpRequestHandler]
2016-10-31 00:42:28.188  INFO 24118 --- [main] o.s.j.e.a.AnnotationMBeanExporter        : Registering beans for JMX exposure on startup
2016-10-31 00:42:28.231  INFO 24118 --- [main] s.b.c.e.t.TomcatEmbeddedServletContainer : Tomcat started on port(s): 8080 (http)
2016-10-31 00:42:28.235  INFO 24118 --- [main] com.lzy.api.SampleController             : Started SampleController in 3.793 seconds (JVM running for 5.809)
